# JRE version: OpenJDK Runtime Environment Temurin-17.0.9+9 (17.0.9+9) (build 17.0.9+9)
# Java VM: OpenJDK 64-Bit Server VM Temurin-17.0.9+9 (17.0.9+9, mixed mode, emulated-client, tiered, compressed oops, compressed class ptrs, g1 gc, windows-amd64)
GC Precious Log:
 CPUs: 8 total, 8 available
 Memory: 8078M
 Large Page Support: Disabled
 NUMA Support: Disabled
 Compressed Oops: Enabled (32-bit)
 Heap Region Size: 1M
 Heap Min Capacity: 8M
 Heap Initial Capacity: 128M
 Heap Max Capacity: 1G
 Pre-touch: Disabled
 Parallel Workers: 8
 Concurrent Workers: 2
 Concurrent Refinement Workers: 8
 Periodic GC: Disabled
Heap:
 garbage-first heap   total 102400K, used 26011K [0x00000000c0000000, 0x0000000100000000)
  region size 1024K, 1 young (1024K), 1 survivors (1024K)
 Metaspace       used 35818K, committed 36096K, reserved 1114112K
  class space    used 4369K, committed 4480K, reserved 1048576K
GC Heap History (15 events):
Event: 3.288 GC heap before
{Heap before GC invocations=0 (full 0):
 garbage-first heap   total 131072K, used 26624K [0x00000000c0000000, 0x0000000100000000)
  region size 1024K, 23 young (23552K), 0 survivors (0K)
 Metaspace       used 8794K, committed 8960K, reserved 1114112K
  class space    used 873K, committed 960K, reserved 1048576K
}
Event: 3.305 GC heap after
{Heap after GC invocations=1 (full 0):
 garbage-first heap   total 131072K, used 13675K [0x00000000c0000000, 0x0000000100000000)
  region size 1024K, 3 young (3072K), 3 survivors (3072K)
 Metaspace       used 8794K, committed 8960K, reserved 1114112K
  class space    used 873K, committed 960K, reserved 1048576K
}
Event: 6.083 GC heap before
{Heap before GC invocations=1 (full 0):
 garbage-first heap   total 131072K, used 36203K [0x00000000c0000000, 0x0000000100000000)
  region size 1024K, 25 young (25600K), 3 survivors (3072K)
 Metaspace       used 14919K, committed 15104K, reserved 1114112K
  class space    used 1705K, committed 1792K, reserved 1048576K
}
Event: 6.091 GC heap after
{Heap after GC invocations=2 (full 0):
 garbage-first heap   total 131072K, used 15512K [0x00000000c0000000, 0x0000000100000000)
  region size 1024K, 2 young (2048K), 2 survivors (2048K)
 Metaspace       used 14919K, committed 15104K, reserved 1114112K
  class space    used 1705K, committed 1792K, reserved 1048576K
}
Event: 7.206 GC heap before
{Heap before GC invocations=2 (full 0):
 garbage-first heap   total 131072K, used 42136K [0x00000000c0000000, 0x0000000100000000)
  region size 1024K, 29 young (29696K), 2 survivors (2048K)
 Metaspace       used 21209K, committed 21504K, reserved 1114112K
  class space    used 2440K, committed 2560K, reserved 1048576K
}
Event: 7.214 GC heap after
{Heap after GC invocations=3 (full 0):
 garbage-first heap   total 131072K, used 17636K [0x00000000c0000000, 0x0000000100000000)
  region size 1024K, 4 young (4096K), 4 survivors (4096K)
 Metaspace       used 21209K, committed 21504K, reserved 1114112K
  class space    used 2440K, committed 2560K, reserved 1048576K
}
Event: 8.155 GC heap before
{Heap before GC invocations=4 (full 0):
 garbage-first heap   total 65536K, used 49380K [0x00000000c0000000, 0x0000000100000000)
  region size 1024K, 37 young (37888K), 4 survivors (4096K)
 Metaspace       used 28540K, committed 28800K, reserved 1114112K
  class space    used 3372K, committed 3520K, reserved 1048576K
}
Event: 8.170 GC heap after
{Heap after GC invocations=5 (full 0):
 garbage-first heap   total 65536K, used 20472K [0x00000000c0000000, 0x0000000100000000)
  region size 1024K, 5 young (5120K), 5 survivors (5120K)
 Metaspace       used 28540K, committed 28800K, reserved 1114112K
  class space    used 3372K, committed 3520K, reserved 1048576K
}
Event: 8.220 GC heap before
{Heap before GC invocations=5 (full 0):
 garbage-first heap   total 65536K, used 20472K [0x00000000c0000000, 0x0000000100000000)
  region size 1024K, 6 young (6144K), 5 survivors (5120K)
 Metaspace       used 28692K, committed 28928K, reserved 1114112K
  class space    used 3385K, committed 3520K, reserved 1048576K
}
Event: 8.236 GC heap after
{Heap after GC invocations=6 (full 0):
 garbage-first heap   total 65536K, used 21218K [0x00000000c0000000, 0x0000000100000000)
  region size 1024K, 1 young (1024K), 1 survivors (1024K)
 Metaspace       used 28692K, committed 28928K, reserved 1114112K
  class space    used 3385K, committed 3520K, reserved 1048576K
}
Event: 9.575 GC heap before
{Heap before GC invocations=6 (full 0):
 garbage-first heap   total 65536K, used 42722K [0x00000000c0000000, 0x0000000100000000)
  region size 1024K, 23 young (23552K), 1 survivors (1024K)
 Metaspace       used 31262K, committed 31616K, reserved 1114112K
  class space    used 3724K, committed 3904K, reserved 1048576K
}
Event: 9.584 GC heap after
{Heap after GC invocations=7 (full 0):
 garbage-first heap   total 65536K, used 22486K [0x00000000c0000000, 0x0000000100000000)
  region size 1024K, 3 young (3072K), 3 survivors (3072K)
 Metaspace       used 31262K, committed 31616K, reserved 1114112K
  class space    used 3724K, committed 3904K, reserved 1048576K
}
Event: 10.633 GC heap before
{Heap before GC invocations=7 (full 0):
 garbage-first heap   total 65536K, used 43990K [0x00000000c0000000, 0x0000000100000000)
  region size 1024K, 25 young (25600K), 3 survivors (3072K)
 Metaspace       used 34399K, committed 34752K, reserved 1114112K
  class space    used 4187K, committed 4352K, reserved 1048576K
}
Event: 10.645 GC heap after
{Heap after GC invocations=8 (full 0):
 garbage-first heap   total 65536K, used 25280K [0x00000000c0000000, 0x0000000100000000)
  region size 1024K, 4 young (4096K), 4 survivors (4096K)
 Metaspace       used 34399K, committed 34752K, reserved 1114112K
  class space    used 4187K, committed 4352K, reserved 1048576K
}
Event: 11.042 GC heap before
{Heap before GC invocations=8 (full 0):
 garbage-first heap   total 65536K, used 32448K [0x00000000c0000000, 0x0000000100000000)
  region size 1024K, 12 young (12288K), 4 survivors (4096K)
 Metaspace       used 35818K, committed 36096K, reserved 1114112K
  class space    used 4369K, committed 4480K, reserved 1048576K
}

